<?xml version="1.0" encoding="UTF-8"?>
<!-- Generated by org.testng.reporters.JUnitXMLReporter -->
<testsuite ignored="1" hostname="DESKTOP-S0P1A3A" failures="0" tests="1" name="Account Registration Test" time="13.905" errors="0" timestamp="2025-11-03T08:38:53 IST">
  <testcase classname="testCases.TC001_AccountRegistrationTest" name="verification" time="3.277"/>
  <testcase classname="testCases.TC002_LoginPage" name="verifications" time="0.0">
    <ignored/>
  </testcase> <!-- verifications -->
</testsuite> <!-- Account Registration Test -->
