<?xml version="1.0" encoding="UTF-8"?>
<!-- Generated by org.testng.reporters.JUnitXMLReporter -->
<testsuite ignored="0" hostname="DESKTOP-S0P1A3A" failures="0" tests="1" name="Account Registration Test" time="0.165" errors="0" timestamp="2025-11-01T10:17:25 IST">
  <testcase classname="testCases.BaseClass" name="@BeforeClass setup" time="-1.761972445157E9">
    <failure type="org.testng.TestNGException" message="
Parameter &amp;apos;browser&amp;apos; is required by BeforeClass on method setup but has not been marked @Optional or defined
in C:\Users\Balaji\Documents\Bala_selenium_project\testng.xml">
      <![CDATA[org.testng.TestNGException: 
Parameter 'browser' is required by BeforeClass on method setup but has not been marked @Optional or defined
in C:\Users\Balaji\Documents\Bala_selenium_project\testng.xml
at java.base/java.util.ArrayList.forEach(ArrayList.java:1541)
... Removed 26 stack frames]]>
    </failure>
  </testcase> <!-- @BeforeClass setup -->
  <testcase classname="testCases.BaseClass" name="@AfterClass teardown" time="0.0">
    <skipped/>
  </testcase> <!-- @AfterClass teardown -->
  <testcase classname="testCases.TC001_AccountRegistrationTest" name="verification" time="0.0">
    <skipped/>
  </testcase> <!-- verification -->
</testsuite> <!-- Account Registration Test -->
