<?xml version="1.0" encoding="UTF-8"?>
<testsuite xmlns:xsi="http://www.w3.org/2001/XMLSchema-instance" xsi:noNamespaceSchemaLocation="https://maven.apache.org/surefire/maven-surefire-plugin/xsd/surefire-test-report-3.0.xsd" version="3.0" name="TestSuite" time="73.435" tests="4" errors="0" skipped="0" failures="0">
  <properties>
[...]
</properties>
  <testcase name="verification" classname="testCases.TC001_AccountRegistrationTest" time="3.875">
    <system-out><![CDATA[12:27:11 [main] INFO  testCases.TC001_AccountRegistrationTest - Execution started on OS: Windows 10 | Browser: chrome
12:27:13 [main] INFO  io.github.bonigarcia.wdm.WebDriverManager - Using chromedriver 142.0.7444.59 (resolved driver for Chrome 142)
12:27:13 [main] INFO  io.github.bonigarcia.wdm.WebDriverManager - Exporting webdriver.chrome.driver as C:\Users\Balaji\.cache\selenium\chromedriver\win64\142.0.7444.59\chromedriver.exe
12:27:19 [main] INFO  testCases.TC001_AccountRegistrationTest - Chrome browser launched
12:27:24 [main] INFO  testCases.TC001_AccountRegistrationTest - Navigated to URL: https://tutorialsninja.com/demo/
12:27:24 [main] INFO  testCases.TC001_AccountRegistrationTest - started the homepage
12:27:26 [main] INFO  testCases.TC001_AccountRegistrationTest - registration is also stratd
]]></system-out>
    <system-err><![CDATA[Starting ChromeDriver 142.0.7444.59 (4b8153ab58d3c3f4c9f7e4baad9616ecf80db5fa-refs/branch-heads/7444_52@{#4}) on port 29573
Only local connections are allowed.
Please see https://chromedriver.chromium.org/security-considerations for suggestions on keeping ChromeDriver safe.
ChromeDriver was started successfully on port 29573.
Nov 05, 2025 12:27:18 PM org.openqa.selenium.devtools.CdpVersionFinder findNearestMatch
WARNING: Unable to find CDP implementation matching 142
Nov 05, 2025 12:27:19 PM org.openqa.selenium.chromium.ChromiumDriver lambda$new$3
WARNING: Unable to find version of CDP to use for . You may need to include a dependency on a specific version of the CDP using something similar to `org.seleniumhq.selenium:selenium-devtools-v86:4.9.1` where the version ("v86") matches the version of the chromium-based browser you're using and the version number of the artifact is the same as Selenium's.
]]></system-err>
  </testcase>
  <testcase name="verification" classname="testCases.TC001_AccountRegistrationTest" time="4.218">
    <system-out><![CDATA[12:27:42 [main] INFO  testCases.TC002_LoginPage - Browser closed successfully.
✅ Extent Report generated at: C:\Users\Balaji\Documents\Bala_selenium_project\reports\Test-Report-2025.11.05.12.27.10.html
12:27:45 [main] INFO  testCases.TC001_AccountRegistrationTest - Execution started on OS: Windows 10 | Browser: edge
12:27:47 [main] INFO  testCases.TC001_AccountRegistrationTest - Edge browser launched
12:27:59 [main] INFO  testCases.TC001_AccountRegistrationTest - Navigated to URL: https://tutorialsninja.com/demo/
12:27:59 [main] INFO  testCases.TC001_AccountRegistrationTest - started the homepage
12:28:01 [main] INFO  testCases.TC001_AccountRegistrationTest - registration is also stratd
]]></system-out>
    <system-err><![CDATA[Starting msedgedriver 141.0.3537.99 (1b2f83d6a142649a51f4a215d0620f49a8e98405) on port 3465
To submit feedback, report a bug, or suggest new features, please visit https://github.com/MicrosoftEdge/EdgeWebDriver

Only local connections are allowed.
Please see https://aka.ms/WebDriverSecurity for suggestions on keeping Microsoft Edge WebDriver safe.
msedgedriver was started successfully on port 3465.
[1762325867.323][WARNING]: This version of Microsoft Edge WebDriver has not been tested with Microsoft Edge version 142.
Nov 05, 2025 12:27:47 PM org.openqa.selenium.devtools.CdpVersionFinder findNearestMatch
WARNING: Unable to find CDP implementation matching 142
Nov 05, 2025 12:27:47 PM org.openqa.selenium.chromium.ChromiumDriver lambda$new$3
WARNING: Unable to find version of CDP to use for . You may need to include a dependency on a specific version of the CDP using something similar to `org.seleniumhq.selenium:selenium-devtools-v86:4.9.1` where the version ("v86") matches the version of the chromium-based browser you're using and the version number of the artifact is the same as Selenium's.
]]></system-err>
  </testcase>
  <testcase name="verifications" classname="testCases.TC002_LoginPage" time="2.223">
    <system-out><![CDATA[12:27:29 [main] INFO  testCases.TC001_AccountRegistrationTest - Browser closed successfully.
12:27:29 [main] INFO  testCases.TC002_LoginPage - Execution started on OS: Windows 10 | Browser: chrome
12:27:29 [main] INFO  io.github.bonigarcia.wdm.WebDriverManager - Using chromedriver 142.0.7444.59 (resolved driver for Chrome 142)
12:27:29 [main] INFO  io.github.bonigarcia.wdm.WebDriverManager - Exporting webdriver.chrome.driver as C:\Users\Balaji\.cache\selenium\chromedriver\win64\142.0.7444.59\chromedriver.exe
12:27:30 [main] INFO  testCases.TC002_LoginPage - Chrome browser launched
12:27:39 [main] INFO  testCases.TC002_LoginPage - Navigated to URL: https://tutorialsninja.com/demo/
12:27:39 [main] INFO  testCases.TC002_LoginPage - Test case started
12:27:40 [main] INFO  testCases.TC002_LoginPage - Login page opened successfully
12:27:41 [main] INFO  testCases.TC002_LoginPage - Test case passed
]]></system-out>
    <system-err><![CDATA[Starting ChromeDriver 142.0.7444.59 (4b8153ab58d3c3f4c9f7e4baad9616ecf80db5fa-refs/branch-heads/7444_52@{#4}) on port 22955
Only local connections are allowed.
Please see https://chromedriver.chromium.org/security-considerations for suggestions on keeping ChromeDriver safe.
ChromeDriver was started successfully on port 22955.
Nov 05, 2025 12:27:30 PM org.openqa.selenium.devtools.CdpVersionFinder findNearestMatch
WARNING: Unable to find CDP implementation matching 142
Nov 05, 2025 12:27:30 PM org.openqa.selenium.chromium.ChromiumDriver lambda$new$3
WARNING: Unable to find version of CDP to use for . You may need to include a dependency on a specific version of the CDP using something similar to `org.seleniumhq.selenium:selenium-devtools-v86:4.9.1` where the version ("v86") matches the version of the chromium-based browser you're using and the version number of the artifact is the same as Selenium's.
]]></system-err>
  </testcase>
  <testcase name="verifications" classname="testCases.TC002_LoginPage" time="5.491">
    <system-out><![CDATA[12:28:04 [main] INFO  testCases.TC001_AccountRegistrationTest - Browser closed successfully.
12:28:04 [main] INFO  testCases.TC002_LoginPage - Execution started on OS: Windows 10 | Browser: edge
12:28:07 [main] INFO  testCases.TC002_LoginPage - Edge browser launched
12:28:13 [main] INFO  testCases.TC002_LoginPage - Navigated to URL: https://tutorialsninja.com/demo/
12:28:13 [main] INFO  testCases.TC002_LoginPage - Test case started
12:28:17 [main] INFO  testCases.TC002_LoginPage - Login page opened successfully
12:28:19 [main] INFO  testCases.TC002_LoginPage - Test case passed
]]></system-out>
    <system-err><![CDATA[Starting msedgedriver 141.0.3537.99 (1b2f83d6a142649a51f4a215d0620f49a8e98405) on port 27156
To submit feedback, report a bug, or suggest new features, please visit https://github.com/MicrosoftEdge/EdgeWebDriver

Only local connections are allowed.
Please see https://aka.ms/WebDriverSecurity for suggestions on keeping Microsoft Edge WebDriver safe.
msedgedriver was started successfully on port 27156.
[1762325887.029][WARNING]: This version of Microsoft Edge WebDriver has not been tested with Microsoft Edge version 142.
Nov 05, 2025 12:28:07 PM org.openqa.selenium.devtools.CdpVersionFinder findNearestMatch
WARNING: Unable to find CDP implementation matching 142
Nov 05, 2025 12:28:07 PM org.openqa.selenium.chromium.ChromiumDriver lambda$new$3
WARNING: Unable to find version of CDP to use for . You may need to include a dependency on a specific version of the CDP using something similar to `org.seleniumhq.selenium:selenium-devtools-v86:4.9.1` where the version ("v86") matches the version of the chromium-based browser you're using and the version number of the artifact is the same as Selenium's.
]]></system-err>
  </testcase>
</testsuite>