<?xml version="1.0" encoding="UTF-8"?>
<testng-results ignored="0" total="4" passed="4" failed="0" skipped="0">
  <reporter-output>
  </reporter-output>
  <suite started-at="2025-11-06T15:54:14 IST" name="Suite" finished-at="2025-11-06T15:55:50 IST" duration-ms="96381">
    <groups>
      <group name="smoke">
        <method signature="TC002_LoginPage.verifications()[pri:0, instance:testCases.TC002_LoginPage@349c1daf]" name="verifications" class="testCases.TC002_LoginPage"/>
        <method signature="TC002_LoginPage.verifications()[pri:0, instance:testCases.TC002_LoginPage@1a45193b]" name="verifications" class="testCases.TC002_LoginPage"/>
      </group> <!-- smoke -->
      <group name="sanity">
        <method signature="TC001_AccountRegistrationTest.verification()[pri:0, instance:testCases.TC001_AccountRegistrationTest@23d1e5d0]" name="verification" class="testCases.TC001_AccountRegistrationTest"/>
        <method signature="TC001_AccountRegistrationTest.verification()[pri:0, instance:testCases.TC001_AccountRegistrationTest@424fd310]" name="verification" class="testCases.TC001_AccountRegistrationTest"/>
      </group> <!-- sanity -->
    </groups>
    <test started-at="2025-11-06T15:54:14 IST" name="Test_chrome" finished-at="2025-11-06T15:54:57 IST" duration-ms="43426">
      <class name="testCases.TC002_LoginPage">
        <test-method is-config="true" signature="setup(java.lang.String,java.lang.String)[pri:0, instance:testCases.TC002_LoginPage@349c1daf]" started-at="2025-11-06T15:54:42 IST" name="setup" finished-at="2025-11-06T15:54:51 IST" duration-ms="8906" status="PASS">
          <params>
            <param index="0">
              <value>
                <![CDATA[Windows 10]]>
              </value>
            </param>
            <param index="1">
              <value>
                <![CDATA[chrome]]>
              </value>
            </param>
          </params>
          <reporter-output>
          </reporter-output>
        </test-method> <!-- setup -->
        <test-method signature="verifications()[pri:0, instance:testCases.TC002_LoginPage@349c1daf]" started-at="2025-11-06T15:54:51 IST" name="verifications" finished-at="2025-11-06T15:54:57 IST" duration-ms="5834" status="PASS">
          <reporter-output>
          </reporter-output>
        </test-method> <!-- verifications -->
        <test-method is-config="true" signature="tearDown()[pri:0, instance:testCases.TC002_LoginPage@349c1daf]" started-at="2025-11-06T15:54:57 IST" name="tearDown" finished-at="2025-11-06T15:54:57 IST" duration-ms="847" status="PASS">
          <reporter-output>
          </reporter-output>
        </test-method> <!-- tearDown -->
      </class> <!-- testCases.TC002_LoginPage -->
      <class name="testCases.TC001_AccountRegistrationTest">
        <test-method is-config="true" signature="setup(java.lang.String,java.lang.String)[pri:0, instance:testCases.TC001_AccountRegistrationTest@23d1e5d0]" started-at="2025-11-06T15:54:14 IST" name="setup" finished-at="2025-11-06T15:54:30 IST" duration-ms="15798" status="PASS">
          <params>
            <param index="0">
              <value>
                <![CDATA[Windows 10]]>
              </value>
            </param>
            <param index="1">
              <value>
                <![CDATA[chrome]]>
              </value>
            </param>
          </params>
          <reporter-output>
          </reporter-output>
        </test-method> <!-- setup -->
        <test-method signature="verification()[pri:0, instance:testCases.TC001_AccountRegistrationTest@23d1e5d0]" started-at="2025-11-06T15:54:30 IST" name="verification" finished-at="2025-11-06T15:54:41 IST" duration-ms="10780" status="PASS">
          <reporter-output>
          </reporter-output>
        </test-method> <!-- verification -->
        <test-method is-config="true" signature="tearDown()[pri:0, instance:testCases.TC001_AccountRegistrationTest@23d1e5d0]" started-at="2025-11-06T15:54:41 IST" name="tearDown" finished-at="2025-11-06T15:54:42 IST" duration-ms="874" status="PASS">
          <reporter-output>
          </reporter-output>
        </test-method> <!-- tearDown -->
      </class> <!-- testCases.TC001_AccountRegistrationTest -->
    </test> <!-- Test_chrome -->
    <test started-at="2025-11-06T15:55:00 IST" name="Test_edge" finished-at="2025-11-06T15:55:50 IST" duration-ms="50790">
      <class name="testCases.TC002_LoginPage">
        <test-method is-config="true" signature="setup(java.lang.String,java.lang.String)[pri:0, instance:testCases.TC002_LoginPage@1a45193b]" started-at="2025-11-06T15:55:32 IST" name="setup" finished-at="2025-11-06T15:55:46 IST" duration-ms="14265" status="PASS">
          <params>
            <param index="0">
              <value>
                <![CDATA[Windows 10]]>
              </value>
            </param>
            <param index="1">
              <value>
                <![CDATA[edge]]>
              </value>
            </param>
          </params>
          <reporter-output>
          </reporter-output>
        </test-method> <!-- setup -->
        <test-method signature="verifications()[pri:0, instance:testCases.TC002_LoginPage@1a45193b]" started-at="2025-11-06T15:55:46 IST" name="verifications" finished-at="2025-11-06T15:55:50 IST" duration-ms="3315" status="PASS">
          <reporter-output>
          </reporter-output>
        </test-method> <!-- verifications -->
        <test-method is-config="true" signature="tearDown()[pri:0, instance:testCases.TC002_LoginPage@1a45193b]" started-at="2025-11-06T15:55:50 IST" name="tearDown" finished-at="2025-11-06T15:55:50 IST" duration-ms="589" status="PASS">
          <reporter-output>
          </reporter-output>
        </test-method> <!-- tearDown -->
      </class> <!-- testCases.TC002_LoginPage -->
      <class name="testCases.TC001_AccountRegistrationTest">
        <test-method is-config="true" signature="setup(java.lang.String,java.lang.String)[pri:0, instance:testCases.TC001_AccountRegistrationTest@424fd310]" started-at="2025-11-06T15:55:00 IST" name="setup" finished-at="2025-11-06T15:55:19 IST" duration-ms="19423" status="PASS">
          <params>
            <param index="0">
              <value>
                <![CDATA[Windows 10]]>
              </value>
            </param>
            <param index="1">
              <value>
                <![CDATA[edge]]>
              </value>
            </param>
          </params>
          <reporter-output>
          </reporter-output>
        </test-method> <!-- setup -->
        <test-method signature="verification()[pri:0, instance:testCases.TC001_AccountRegistrationTest@424fd310]" started-at="2025-11-06T15:55:19 IST" name="verification" finished-at="2025-11-06T15:55:31 IST" duration-ms="12081" status="PASS">
          <reporter-output>
          </reporter-output>
        </test-method> <!-- verification -->
        <test-method is-config="true" signature="tearDown()[pri:0, instance:testCases.TC001_AccountRegistrationTest@424fd310]" started-at="2025-11-06T15:55:31 IST" name="tearDown" finished-at="2025-11-06T15:55:32 IST" duration-ms="1099" status="PASS">
          <reporter-output>
          </reporter-output>
        </test-method> <!-- tearDown -->
      </class> <!-- testCases.TC001_AccountRegistrationTest -->
    </test> <!-- Test_edge -->
  </suite> <!-- Suite -->
</testng-results>
