<?xml version="1.0" encoding="UTF-8"?>
<testng-results ignored="0" total="4" passed="4" failed="0" skipped="0">
  <reporter-output>
  </reporter-output>
  <suite started-at="2025-11-05T12:27:10 IST" name="Suite" finished-at="2025-11-05T12:28:20 IST" duration-ms="69296">
    <groups>
      <group name="smoke">
        <method signature="TC002_LoginPage.verifications()[pri:0, instance:testCases.TC002_LoginPage@4b6579e8]" name="verifications" class="testCases.TC002_LoginPage"/>
        <method signature="TC002_LoginPage.verifications()[pri:0, instance:testCases.TC002_LoginPage@290b1b2e]" name="verifications" class="testCases.TC002_LoginPage"/>
      </group> <!-- smoke -->
      <group name="sanity">
        <method signature="TC001_AccountRegistrationTest.verification()[pri:0, instance:testCases.TC001_AccountRegistrationTest@32cb636e]" name="verification" class="testCases.TC001_AccountRegistrationTest"/>
        <method signature="TC001_AccountRegistrationTest.verification()[pri:0, instance:testCases.TC001_AccountRegistrationTest@1fc0053e]" name="verification" class="testCases.TC001_AccountRegistrationTest"/>
      </group> <!-- sanity -->
    </groups>
    <test started-at="2025-11-05T12:27:10 IST" name="Test1" finished-at="2025-11-05T12:27:42 IST" duration-ms="31230">
      <class name="testCases.TC002_LoginPage">
        <test-method is-config="true" signature="setup(java.lang.String,java.lang.String)[pri:0, instance:testCases.TC002_LoginPage@4b6579e8]" started-at="2025-11-05T12:27:29 IST" name="setup" finished-at="2025-11-05T12:27:39 IST" duration-ms="10357" status="PASS">
          <params>
            <param index="0">
              <value>
                <![CDATA[Windows 10]]>
              </value>
            </param>
            <param index="1">
              <value>
                <![CDATA[chrome]]>
              </value>
            </param>
          </params>
          <reporter-output>
          </reporter-output>
        </test-method> <!-- setup -->
        <test-method signature="verifications()[pri:0, instance:testCases.TC002_LoginPage@4b6579e8]" started-at="2025-11-05T12:27:39 IST" name="verifications" finished-at="2025-11-05T12:27:41 IST" duration-ms="2290" status="PASS">
          <reporter-output>
          </reporter-output>
        </test-method> <!-- verifications -->
        <test-method is-config="true" signature="tearDown()[pri:0, instance:testCases.TC002_LoginPage@4b6579e8]" started-at="2025-11-05T12:27:41 IST" name="tearDown" finished-at="2025-11-05T12:27:42 IST" duration-ms="497" status="PASS">
          <reporter-output>
          </reporter-output>
        </test-method> <!-- tearDown -->
      </class> <!-- testCases.TC002_LoginPage -->
      <class name="testCases.TC001_AccountRegistrationTest">
        <test-method is-config="true" signature="setup(java.lang.String,java.lang.String)[pri:0, instance:testCases.TC001_AccountRegistrationTest@32cb636e]" started-at="2025-11-05T12:27:11 IST" name="setup" finished-at="2025-11-05T12:27:24 IST" duration-ms="13220" status="PASS">
          <params>
            <param index="0">
              <value>
                <![CDATA[Windows 10]]>
              </value>
            </param>
            <param index="1">
              <value>
                <![CDATA[chrome]]>
              </value>
            </param>
          </params>
          <reporter-output>
          </reporter-output>
        </test-method> <!-- setup -->
        <test-method signature="verification()[pri:0, instance:testCases.TC001_AccountRegistrationTest@32cb636e]" started-at="2025-11-05T12:27:24 IST" name="verification" finished-at="2025-11-05T12:27:28 IST" duration-ms="3822" status="PASS">
          <reporter-output>
          </reporter-output>
        </test-method> <!-- verification -->
        <test-method is-config="true" signature="tearDown()[pri:0, instance:testCases.TC001_AccountRegistrationTest@32cb636e]" started-at="2025-11-05T12:27:28 IST" name="tearDown" finished-at="2025-11-05T12:27:29 IST" duration-ms="334" status="PASS">
          <reporter-output>
          </reporter-output>
        </test-method> <!-- tearDown -->
      </class> <!-- testCases.TC001_AccountRegistrationTest -->
    </test> <!-- Test1 -->
    <test started-at="2025-11-05T12:27:45 IST" name="Test2" finished-at="2025-11-05T12:28:20 IST" duration-ms="34906">
      <class name="testCases.TC002_LoginPage">
        <test-method is-config="true" signature="setup(java.lang.String,java.lang.String)[pri:0, instance:testCases.TC002_LoginPage@290b1b2e]" started-at="2025-11-05T12:28:04 IST" name="setup" finished-at="2025-11-05T12:28:13 IST" duration-ms="9219" status="PASS">
          <params>
            <param index="0">
              <value>
                <![CDATA[Windows 10]]>
              </value>
            </param>
            <param index="1">
              <value>
                <![CDATA[edge]]>
              </value>
            </param>
          </params>
          <reporter-output>
          </reporter-output>
        </test-method> <!-- setup -->
        <test-method signature="verifications()[pri:0, instance:testCases.TC002_LoginPage@290b1b2e]" started-at="2025-11-05T12:28:13 IST" name="verifications" finished-at="2025-11-05T12:28:19 IST" duration-ms="5674" status="PASS">
          <reporter-output>
          </reporter-output>
        </test-method> <!-- verifications -->
        <test-method is-config="true" signature="tearDown()[pri:0, instance:testCases.TC002_LoginPage@290b1b2e]" started-at="2025-11-05T12:28:19 IST" name="tearDown" finished-at="2025-11-05T12:28:20 IST" duration-ms="634" status="PASS">
          <reporter-output>
          </reporter-output>
        </test-method> <!-- tearDown -->
      </class> <!-- testCases.TC002_LoginPage -->
      <class name="testCases.TC001_AccountRegistrationTest">
        <test-method is-config="true" signature="setup(java.lang.String,java.lang.String)[pri:0, instance:testCases.TC001_AccountRegistrationTest@1fc0053e]" started-at="2025-11-05T12:27:45 IST" name="setup" finished-at="2025-11-05T12:27:59 IST" duration-ms="14245" status="PASS">
          <params>
            <param index="0">
              <value>
                <![CDATA[Windows 10]]>
              </value>
            </param>
            <param index="1">
              <value>
                <![CDATA[edge]]>
              </value>
            </param>
          </params>
          <reporter-output>
          </reporter-output>
        </test-method> <!-- setup -->
        <test-method signature="verification()[pri:0, instance:testCases.TC001_AccountRegistrationTest@1fc0053e]" started-at="2025-11-05T12:27:59 IST" name="verification" finished-at="2025-11-05T12:28:03 IST" duration-ms="4325" status="PASS">
          <reporter-output>
          </reporter-output>
        </test-method> <!-- verification -->
        <test-method is-config="true" signature="tearDown()[pri:0, instance:testCases.TC001_AccountRegistrationTest@1fc0053e]" started-at="2025-11-05T12:28:03 IST" name="tearDown" finished-at="2025-11-05T12:28:04 IST" duration-ms="795" status="PASS">
          <reporter-output>
          </reporter-output>
        </test-method> <!-- tearDown -->
      </class> <!-- testCases.TC001_AccountRegistrationTest -->
    </test> <!-- Test2 -->
  </suite> <!-- Suite -->
</testng-results>
