<?xml version="1.0" encoding="UTF-8"?>
<testng-results ignored="0" total="1" passed="1" failed="0" skipped="0">
  <reporter-output>
  </reporter-output>
  <suite started-at="2025-11-06T10:58:11 IST" name="Suite" finished-at="2025-11-06T10:58:36 IST" duration-ms="24493">
    <groups>
      <group name="sanity">
        <method signature="TC001_AccountRegistrationTest.verification()[pri:0, instance:testCases.TC001_AccountRegistrationTest@788fcafb]" name="verification" class="testCases.TC001_AccountRegistrationTest"/>
      </group> <!-- sanity -->
    </groups>
    <test started-at="2025-11-06T10:58:11 IST" name="Test_chrome" finished-at="2025-11-06T10:58:36 IST" duration-ms="24493">
      <class name="testCases.TC001_AccountRegistrationTest">
        <test-method is-config="true" signature="setup(java.lang.String,java.lang.String)[pri:0, instance:testCases.TC001_AccountRegistrationTest@788fcafb]" started-at="2025-11-06T10:58:12 IST" name="setup" finished-at="2025-11-06T10:58:26 IST" duration-ms="14520" status="PASS">
          <params>
            <param index="0">
              <value>
                <![CDATA[Windows 10]]>
              </value>
            </param>
            <param index="1">
              <value>
                <![CDATA[chrome]]>
              </value>
            </param>
          </params>
          <reporter-output>
          </reporter-output>
        </test-method> <!-- setup -->
        <test-method signature="verification()[pri:0, instance:testCases.TC001_AccountRegistrationTest@788fcafb]" started-at="2025-11-06T10:58:26 IST" name="verification" finished-at="2025-11-06T10:58:36 IST" duration-ms="9670" status="PASS">
          <reporter-output>
          </reporter-output>
        </test-method> <!-- verification -->
        <test-method is-config="true" signature="tearDown()[pri:0, instance:testCases.TC001_AccountRegistrationTest@788fcafb]" started-at="2025-11-06T10:58:36 IST" name="tearDown" finished-at="2025-11-06T10:58:36 IST" duration-ms="1" status="PASS">
          <reporter-output>
          </reporter-output>
        </test-method> <!-- tearDown -->
      </class> <!-- testCases.TC001_AccountRegistrationTest -->
    </test> <!-- Test_chrome -->
  </suite> <!-- Suite -->
</testng-results>
