<?xml version="1.0" encoding="UTF-8"?>
<testng-results ignored="0" total="4" passed="4" failed="0" skipped="0">
  <reporter-output>
  </reporter-output>
  <suite started-at="2025-11-03T08:43:38 IST" name="Suite" finished-at="2025-11-03T08:44:29 IST" duration-ms="51152">
    <groups>
      <group name="smoke">
        <method signature="TC002_LoginPage.verifications()[pri:0, instance:testCases.TC002_LoginPage@42e3ede4]" name="verifications" class="testCases.TC002_LoginPage"/>
        <method signature="TC002_LoginPage.verifications()[pri:0, instance:testCases.TC002_LoginPage@662f5666]" name="verifications" class="testCases.TC002_LoginPage"/>
      </group> <!-- smoke -->
      <group name="sanity">
        <method signature="TC001_AccountRegistrationTest.verification()[pri:0, instance:testCases.TC001_AccountRegistrationTest@25e2a451]" name="verification" class="testCases.TC001_AccountRegistrationTest"/>
        <method signature="TC001_AccountRegistrationTest.verification()[pri:0, instance:testCases.TC001_AccountRegistrationTest@60dce7ea]" name="verification" class="testCases.TC001_AccountRegistrationTest"/>
      </group> <!-- sanity -->
    </groups>
    <test started-at="2025-11-03T08:43:38 IST" name="Test1" finished-at="2025-11-03T08:44:01 IST" duration-ms="22906">
      <class name="testCases.TC002_LoginPage">
        <test-method is-config="true" signature="setup(java.lang.String,java.lang.String)[pri:0, instance:testCases.TC002_LoginPage@42e3ede4]" started-at="2025-11-03T08:43:50 IST" name="setup" finished-at="2025-11-03T08:43:56 IST" duration-ms="5886" status="PASS">
          <params>
            <param index="0">
              <value>
                <![CDATA[Windows 10]]>
              </value>
            </param>
            <param index="1">
              <value>
                <![CDATA[chrome]]>
              </value>
            </param>
          </params>
          <reporter-output>
          </reporter-output>
        </test-method> <!-- setup -->
        <test-method signature="verifications()[pri:0, instance:testCases.TC002_LoginPage@42e3ede4]" started-at="2025-11-03T08:43:56 IST" name="verifications" finished-at="2025-11-03T08:44:01 IST" duration-ms="4747" status="PASS">
          <reporter-output>
          </reporter-output>
        </test-method> <!-- verifications -->
        <test-method is-config="true" signature="tearDown()[pri:0, instance:testCases.TC002_LoginPage@42e3ede4]" started-at="2025-11-03T08:44:01 IST" name="tearDown" finished-at="2025-11-03T08:44:01 IST" duration-ms="381" status="PASS">
          <reporter-output>
          </reporter-output>
        </test-method> <!-- tearDown -->
      </class> <!-- testCases.TC002_LoginPage -->
      <class name="testCases.TC001_AccountRegistrationTest">
        <test-method is-config="true" signature="setup(java.lang.String,java.lang.String)[pri:0, instance:testCases.TC001_AccountRegistrationTest@25e2a451]" started-at="2025-11-03T08:43:38 IST" name="setup" finished-at="2025-11-03T08:43:46 IST" duration-ms="7877" status="PASS">
          <params>
            <param index="0">
              <value>
                <![CDATA[Windows 10]]>
              </value>
            </param>
            <param index="1">
              <value>
                <![CDATA[chrome]]>
              </value>
            </param>
          </params>
          <reporter-output>
          </reporter-output>
        </test-method> <!-- setup -->
        <test-method signature="verification()[pri:0, instance:testCases.TC001_AccountRegistrationTest@25e2a451]" started-at="2025-11-03T08:43:46 IST" name="verification" finished-at="2025-11-03T08:43:49 IST" duration-ms="3323" status="PASS">
          <reporter-output>
          </reporter-output>
        </test-method> <!-- verification -->
        <test-method is-config="true" signature="tearDown()[pri:0, instance:testCases.TC001_AccountRegistrationTest@25e2a451]" started-at="2025-11-03T08:43:50 IST" name="tearDown" finished-at="2025-11-03T08:43:50 IST" duration-ms="379" status="PASS">
          <reporter-output>
          </reporter-output>
        </test-method> <!-- tearDown -->
      </class> <!-- testCases.TC001_AccountRegistrationTest -->
    </test> <!-- Test1 -->
    <test started-at="2025-11-03T08:44:02 IST" name="Test2" finished-at="2025-11-03T08:44:29 IST" duration-ms="26984">
      <class name="testCases.TC002_LoginPage">
        <test-method is-config="true" signature="setup(java.lang.String,java.lang.String)[pri:0, instance:testCases.TC002_LoginPage@662f5666]" started-at="2025-11-03T08:44:18 IST" name="setup" finished-at="2025-11-03T08:44:27 IST" duration-ms="8913" status="PASS">
          <params>
            <param index="0">
              <value>
                <![CDATA[Windows 10]]>
              </value>
            </param>
            <param index="1">
              <value>
                <![CDATA[edge]]>
              </value>
            </param>
          </params>
          <reporter-output>
          </reporter-output>
        </test-method> <!-- setup -->
        <test-method signature="verifications()[pri:0, instance:testCases.TC002_LoginPage@662f5666]" started-at="2025-11-03T08:44:27 IST" name="verifications" finished-at="2025-11-03T08:44:28 IST" duration-ms="1912" status="PASS">
          <reporter-output>
          </reporter-output>
        </test-method> <!-- verifications -->
        <test-method is-config="true" signature="tearDown()[pri:0, instance:testCases.TC002_LoginPage@662f5666]" started-at="2025-11-03T08:44:28 IST" name="tearDown" finished-at="2025-11-03T08:44:29 IST" duration-ms="729" status="PASS">
          <reporter-output>
          </reporter-output>
        </test-method> <!-- tearDown -->
      </class> <!-- testCases.TC002_LoginPage -->
      <class name="testCases.TC001_AccountRegistrationTest">
        <test-method is-config="true" signature="setup(java.lang.String,java.lang.String)[pri:0, instance:testCases.TC001_AccountRegistrationTest@60dce7ea]" started-at="2025-11-03T08:44:02 IST" name="setup" finished-at="2025-11-03T08:44:12 IST" duration-ms="10225" status="PASS">
          <params>
            <param index="0">
              <value>
                <![CDATA[Windows 10]]>
              </value>
            </param>
            <param index="1">
              <value>
                <![CDATA[edge]]>
              </value>
            </param>
          </params>
          <reporter-output>
          </reporter-output>
        </test-method> <!-- setup -->
        <test-method signature="verification()[pri:0, instance:testCases.TC001_AccountRegistrationTest@60dce7ea]" started-at="2025-11-03T08:44:12 IST" name="verification" finished-at="2025-11-03T08:44:17 IST" duration-ms="4552" status="PASS">
          <reporter-output>
          </reporter-output>
        </test-method> <!-- verification -->
        <test-method is-config="true" signature="tearDown()[pri:0, instance:testCases.TC001_AccountRegistrationTest@60dce7ea]" started-at="2025-11-03T08:44:17 IST" name="tearDown" finished-at="2025-11-03T08:44:18 IST" duration-ms="627" status="PASS">
          <reporter-output>
          </reporter-output>
        </test-method> <!-- tearDown -->
      </class> <!-- testCases.TC001_AccountRegistrationTest -->
    </test> <!-- Test2 -->
  </suite> <!-- Suite -->
</testng-results>
