<?xml version="1.0" encoding="UTF-8"?>
<!-- Generated by org.testng.reporters.JUnitReportReporter -->
<testsuite hostname="DESKTOP-S0P1A3A" failures="0" tests="2" name="testCases.TC001_AccountRegistrationTest" time="22.861" errors="0" timestamp="2025-11-06T15:55:52 IST" skipped="0">
  <testcase classname="testCases.TC001_AccountRegistrationTest" name="verification" time="10.780"/>
  <testcase classname="testCases.TC001_AccountRegistrationTest" name="verification" time="12.081"/>
</testsuite> <!-- testCases.TC001_AccountRegistrationTest -->
