<?xml version="1.0" encoding="UTF-8"?>
<!-- Generated by org.testng.reporters.JUnitReportReporter -->
<testsuite hostname="DESKTOP-S0P1A3A" failures="0" tests="2" name="testCases.TC001_AccountRegistrationTest" time="8.147" errors="0" timestamp="2025-11-05T12:28:20 IST" skipped="0">
  <testcase classname="testCases.TC001_AccountRegistrationTest" name="verification" time="4.325"/>
  <testcase classname="testCases.TC001_AccountRegistrationTest" name="verification" time="3.822"/>
</testsuite> <!-- testCases.TC001_AccountRegistrationTest -->
